#
# A fatal error has been detected by the Java Runtime Environment:
#
#  EXCEPTION_ACCESS_VIOLATION (0xc0000005) at pc=0x00007ff866c23004, pid=17224, tid=18160
#
# JRE version: OpenJDK Runtime Environment (24.0+36) (build 24+36-3646)
# Java VM: OpenJDK 64-Bit Server VM (24+36-3646, mixed mode, sharing, tiered, compressed oops, compressed class ptrs, g1 gc, windows-amd64)
# Problematic frame:
# C  [libasyncProfiler.dll+0x93004]
#
# No core dump will be written. Minidumps are not enabled by default on client versions of Windows
#
# JFR recording file will be written. Location: C:\Users\11831\IdeaProjects\Former\hs_err_pid17224.jfr
#
# If you would like to submit a bug report, please visit:
#   https://bugreport.java.com/bugreport/crash.jsp
# The crash happened outside the Java Virtual Machine in native code.
# See problematic frame for where to report the bug.
#

---------------  S U M M A R Y ------------

Command Line: -javaagent:C:\Program Files\JetBrains\IntelliJ IDEA 2024.3.3\lib\idea_rt.jar=64810:C:\Program Files\JetBrains\IntelliJ IDEA 2024.3.3\bin -agentpath:C:\Users\11831\AppData\Local\Temp\idea_libasyncProfiler_dll_temp_folder1\libasyncProfiler.dll=start,jfr,event=wall,interval=10ms,jfrsync=profile,cstack=no,file=C:\Users\11831\IdeaSnapshots\Client_2025_04_22_212403.jfr,dbghelppath=C:\Users\11831\AppData\Local\Temp\idea_dbghelp_dll_temp_folder\dbghelp.dll,log=C:\Users\11831\AppData\Local\Temp\Client_2025_04_22_212403.jfr.log.txt,logLevel=DEBUG -Dfile.encoding=UTF-8 -Dsun.stdout.encoding=UTF-8 -Dsun.stderr.encoding=UTF-8 Client.Main

Host: AMD Ryzen 5 7530U with Radeon Graphics         , 12 cores, 31G,  Windows 11 , 64 bit Build 26100 (10.0.26100.3323)
Time: Tue Apr 22 21:24:04 2025  Windows 11 , 64 bit Build 26100 (10.0.26100.3323) elapsed time: 0.482251 seconds (0d 0h 0m 0s)

---------------  T H R E A D  ---------------

Current thread (0x000001b7df5ddff0):  JavaThread "main"             [_thread_in_native, id=18160, stack(0x000000782d200000,0x000000782d300000) (1024K)]

Stack: [0x000000782d200000,0x000000782d300000],  sp=0x000000782d2fe8e0,  free space=1018k
Native frames: (J=compiled Java code, j=interpreted, Vv=VM code, C=native code)
C  [libasyncProfiler.dll+0x93004]  (no source info available)
C  [libasyncProfiler.dll+0x934db]  (no source info available)
C  [libasyncProfiler.dll+0x92134]  (no source info available)
C  [libasyncProfiler.dll+0x929aa]  (no source info available)
C  [libasyncProfiler.dll+0x8d561]  (no source info available)
C  [libasyncProfiler.dll+0x7ef21]  (no source info available)
C  [libasyncProfiler.dll+0x7dc38]  (no source info available)
C  [libasyncProfiler.dll+0x7db20]  (no source info available)
C  [libasyncProfiler.dll+0x83c3c]  (no source info available)
V  [jvm.dll+0x5e3a5e]  (no source info available)
V  [jvm.dll+0x8861e6]  (no source info available)
V  [jvm.dll+0x49604e]  (no source info available)
V  [jvm.dll+0x497e21]  (no source info available)
C  [jli.dll+0x52a1]  (no source info available)
C  [ucrtbase.dll+0x37b0]  (no source info available)
C  [KERNEL32.DLL+0x2e8d7]  (no source info available)
C  [ntdll.dll+0xbbf6c]  (no source info available)


siginfo: EXCEPTION_ACCESS_VIOLATION (0xc0000005), reading address 0xffffffffffffffff


Registers:
RAX=0x0000000000000010, RBX=0x0000000000000000, RCX=0xffffffffffffffff, RDX=0x007ff870a12ff010
RSP=0x000000782d2fe8e0, RBP=0x000001b7c95459b0, RSI=0x000000782d2fea50, RDI=0x000001b7c95459b0
R8 =0x0000000000000042, R9 =0x000000062a001ee8, R10=0x00007ff870c89fc0, R11=0x0000000000000002
R12=0x000000782d2fea50, R13=0x000001b7dd1edcf0, R14=0x000001b7df5de3b8, R15=0x000001b7df5de3b8
RIP=0x00007ff866c23004, EFLAGS=0x0000000000010202

XMM[0]=0x0000000000000000 0x0000000000000000
XMM[1]=0x0000000000000000 0x0000000000000000
XMM[2]=0x0000000000000000 0x0000000000000000
XMM[3]=0x0000000000000000 0x0000000000000000
XMM[4]=0x0000000000000000 0x0000000000000000
XMM[5]=0x0000000000000000 0x0000000000000000
XMM[6]=0x0000000000000000 0x0000000000000000
XMM[7]=0x0000000000000000 0x0000000000000000
XMM[8]=0x0000000000000000 0x0000000000000000
XMM[9]=0x0000000000000000 0x0000000000000000
XMM[10]=0x0000000000000000 0x0000000000000000
XMM[11]=0x0000000000000000 0x0000000000000000
XMM[12]=0x0000000000000000 0x0000000000000000
XMM[13]=0x0000000000000000 0x0000000000000000
XMM[14]=0x0000000000000000 0x0000000000000000
XMM[15]=0x0000000000000000 0x0000000000000000
  MXCSR=0x00001fa0


Register to memory mapping:

RAX=0x0000000000000010 is an unknown value
RBX=0x0 is null
RCX=0xffffffffffffffff is an unknown value
RDX=0x007ff870a12ff010 is an unknown value
RSP=0x000000782d2fe8e0 is pointing into the stack for thread: 0x000001b7df5ddff0
RBP=0x000001b7c95459b0 points into unknown readable memory: 0x000000062a001ee8 | e8 1e 00 2a 06 00 00 00
RSI=0x000000782d2fea50 is pointing into the stack for thread: 0x000001b7df5ddff0
RDI=0x000001b7c95459b0 points into unknown readable memory: 0x000000062a001ee8 | e8 1e 00 2a 06 00 00 00
R8 =0x0000000000000042 is an unknown value
R9 =0x000000062a001ee8 is an oop: java.lang.Thread 
{0x000000062a001ee8} - klass: 'java/lang/Thread' - flags: 

 - ---- fields (total size 14 words):
 - 'threadLocalRandomProbe' 'I' @12  0 (0x00000000)
 - private volatile 'eetop' 'J' @16  1889238114288 (0x000001b7df5ddff0)
 - private final 'tid' 'J' @24  3 (0x0000000000000003)
 - 'threadLocalRandomSeed' 'J' @32  0 (0x0000000000000000)
 - injected 'jvmti_thread_state' 'J' @40  1888865079504 (0x000001b7c921d0d0)
 - 'threadLocalRandomSecondarySeed' 'I' @48  0 (0x00000000)
 - injected 'jvmti_VTMS_transition_disable_count' 'I' @52  0 (0x00000000)
 - injected 'jfr_epoch' 'S' @56  0 (0x0000)
 - volatile 'interrupted' 'Z' @58  false (0x00)
 - injected 'jvmti_is_in_VTMS_transition' 'Z' @59  false (0x00)
 - private volatile 'name' 'Ljava/lang/String;' @60  "main"{0x000000062a001f58} (0xc54003eb)
 - private volatile 'contextClassLoader' 'Ljava/lang/ClassLoader;' @64  a 'jdk/internal/loader/ClassLoaders$AppClassLoader'{0x000000062a045130} (0xc5408a26)
 - private final 'holder' 'Ljava/lang/Thread$FieldHolder;' @68  a 'java/lang/Thread$FieldHolder'{0x000000062a001f98} (0xc54003f3)
 - 'threadLocals' 'Ljava/lang/ThreadLocal$ThreadLocalMap;' @72  a 'java/lang/ThreadLocal$ThreadLocalMap'{0x000000062a369c80} (0xc546d390)
 - 'inheritableThreadLocals' 'Ljava/lang/ThreadLocal$ThreadLocalMap;' @76  null (0x00000000)
 - private 'scopedValueBindings' 'Ljava/lang/Object;' @80  a 'java/lang/Class'{0x00000007ffc7c280} = 'java/lang/Thread' (0xfff8f850)
 - final 'interruptLock' 'Ljava/lang/Object;' @84  a 'java/lang/Object'{0x000000062a001f88} (0xc54003f1)
 - private volatile 'parkBlocker' 'Ljava/lang/Object;' @88  null (0x00000000)
 - private 'nioBlocker' 'Lsun/nio/ch/Interruptible;' @92  null (0x00000000)
 - private 'cont' 'Ljdk/internal/vm/Continuation;' @96  null (0x00000000)
 - private volatile 'uncaughtExceptionHandler' 'Ljava/lang/Thread$UncaughtExceptionHandler;' @100  null (0x00000000)
 - private 'container' 'Ljdk/internal/vm/ThreadContainer;' @104  null (0x00000000)
 - private volatile 'headStackableScopes' 'Ljdk/internal/vm/StackableScope;' @108  null (0x00000000)
R10=0x00007ff870c89fc0 jvm.dll
R11=0x0000000000000002 is an unknown value
R12=0x000000782d2fea50 is pointing into the stack for thread: 0x000001b7df5ddff0
R13=0x000001b7dd1edcf0 points into unknown readable memory: 0x00007ff870bfa510 | 10 a5 bf 70 f8 7f 00 00
R14=0x000001b7df5de3b8 points into unknown readable memory: 0x00007ff870bf17b0 | b0 17 bf 70 f8 7f 00 00
R15=0x000001b7df5de3b8 points into unknown readable memory: 0x00007ff870bf17b0 | b0 17 bf 70 f8 7f 00 00

Top of Stack: (sp=0x000000782d2fe8e0)
0x000000782d2fe8e0:   000000782d2fea50 000001b7c95459b0   P./-x....YT.....
0x000000782d2fe8f0:   0000000000000000 000001b7df5de740   ........@.].....
0x000000782d2fe900:   000000000000001a 00007ff866c234db   .........4.f....
0x000000782d2fe910:   0000000000000000 000001b7df5de3b8   ..........].....
0x000000782d2fe920:   000000782d2fea01 0000000000000000   ../-x...........
0x000000782d2fe930:   000001b7c97d9b70 00007ff866c22134   p.}.....4!.f....
0x000000782d2fe940:   0000000000000000 000000000000001a   ................
0x000000782d2fe950:   0000000000000000 000000000000001a   ................
0x000000782d2fe960:   0000000900000002 000001b7cef1ab90   ................
0x000000782d2fe970:   000001b7c97d9b70 000001b7c97d9bd8   p.}.......}.....
0x000000782d2fe980:   000001b7c97d9be0 00000000000022c8   ..}......"......
0x000000782d2fe990:   0000000000000000 0000000000000000   ................
0x000000782d2fe9a0:   0000000000000000 00007ff8704558e4   .........XEp....
0x000000782d2fe9b0:   00007ff866d7ae00 0000000000004348   ...f....HC......
0x000000782d2fe9c0:   00007ff866d7ae00 00000000ffffffff   ...f............
0x000000782d2fe9d0:   0000000000000000 00007ff866c229aa   .........).f....
0x000000782d2fe9e0:   000001b7df5de3b8 0000000000000000   ..].............
0x000000782d2fe9f0:   000000782d2fea59 000001b7dd1edcf0   Y./-x...........
0x000000782d2fea00:   000001b7000021b4 0000000000000000   .!..............
0x000000782d2fea10:   0000000000000000 00007ff9021d9529   ........).......
0x000000782d2fea20:   000001b7df5de3b8 00007ff866d7ae00   ..]........f....
0x000000782d2fea30:   0000000000000000 00007ff866cbbc53   ........S..f....
0x000000782d2fea40:   0000000000000000 000001b7df5de3b8   ..........].....
0x000000782d2fea50:   000001b7cee3e330 000001b7cee3e670   0.......p.......
0x000000782d2fea60:   000001b7cee3e670 00007ff866d7ae00   p..........f....
0x000000782d2fea70:   000001b7df53df68 000000782d2febe8   h.S......./-x...
0x000000782d2fea80:   000000782d2fed20 0000000000008840    ./-x...@.......
0x000000782d2fea90:   00007ff866d6d080 00007ff866d7ae50   ...f....P..f....
0x000000782d2feaa0:   0000000000989680 0000000000989680   ................
0x000000782d2feab0:   000000782d2febc0 00007ff866c1d561   ../-x...a..f....
0x000000782d2feac0:   00007ff866d7ae00 00007ff866d7ae58   ...f....X..f....
0x000000782d2fead0:   00007ff800000000 007d410f00000001   .............A}.

Instructions: (pc=0x00007ff866c23004)
  0x00007ff866c22f04:   cc cc cc cc cc cc cc cc cc cc cc cc cc cc cc cc
  0x00007ff866c22f14:   cc cc cc cc cc cc cc cc cc cc cc cc cc cc cc cc
  0x00007ff866c22f24:   cc cc cc cc cc cc cc cc cc cc cc cc cc cc cc cc
  0x00007ff866c22f34:   cc cc cc cc cc cc cc cc cc cc cc cc cc cc cc cc
  0x00007ff866c22f44:   cc cc cc cc cc cc cc cc cc cc cc cc cc cc cc cc
  0x00007ff866c22f54:   cc cc cc cc cc cc cc cc cc cc cc cc cc cc cc cc
  0x00007ff866c22f64:   cc cc cc cc cc cc cc cc cc cc cc cc cc cc cc cc
  0x00007ff866c22f74:   cc cc cc cc cc cc cc cc cc cc cc cc cc cc cc cc
  0x00007ff866c22f84:   cc cc cc cc cc cc cc cc cc cc cc cc 40 57 48 83
  0x00007ff866c22f94:   ec 20 48 8b f9 48 8b 0d 30 80 15 00 48 85 c9 74
  0x00007ff866c22fa4:   20 48 8b 01 48 8d 54 24 38 41 b8 06 00 01 00 4c
  0x00007ff866c22fb4:   8b 48 30 41 ff d1 85 c0 75 07 48 8b 4c 24 38 eb
  0x00007ff866c22fc4:   02 33 c9 4c 8b 05 0a 81 15 00 48 89 5c 24 30 4d
  0x00007ff866c22fd4:   85 c0 74 4a 48 8b 01 48 8b d7 4c 8b 88 28 03 00
  0x00007ff866c22fe4:   00 41 ff d1 48 85 c0 74 35 48 63 0d b8 3d 15 00
  0x00007ff866c22ff4:   48 8b 14 01 48 85 d2 74 15 48 63 05 bc 3d 15 00
=>0x00007ff866c23004:   8b 04 10 48 8b 5c 24 30 48 83 c4 20 5f c3 b8 ff
  0x00007ff866c23014:   ff ff ff 48 8b 5c 24 30 48 83 c4 20 5f c3 80 3d
  0x00007ff866c23024:   bb 7f 15 00 00 bb ff ff ff ff 74 20 4c 8b 0d 51
  0x00007ff866c23034:   7c 15 00 4c 8d 44 24 38 48 8b 0d 35 7c 15 00 48
  0x00007ff866c23044:   8b d7 41 ff d1 85 c0 0f 44 5c 24 38 8b c3 48 8b
  0x00007ff866c23054:   5c 24 30 48 83 c4 20 5f c3 cc cc cc cc cc cc cc
  0x00007ff866c23064:   cc cc cc cc cc cc cc cc cc cc cc cc cc cc cc cc
  0x00007ff866c23074:   cc cc cc cc cc cc cc cc cc cc cc cc cc cc cc cc
  0x00007ff866c23084:   cc cc cc cc cc cc cc cc cc cc cc cc 48 89 54 24
  0x00007ff866c23094:   10 53 55 56 57 41 56 41 57 48 83 ec 28 48 8b f2
  0x00007ff866c230a4:   4c 8b f1 48 89 4c 24 78 45 33 ff 44 89 7c 24 68
  0x00007ff866c230b4:   c7 44 24 60 01 00 00 00 48 8d 4c 24 68 e8 69 3c
  0x00007ff866c230c4:   f7 ff 8b d8 48 8d 4c 24 60 e8 5d 3c f7 ff 8b e8
  0x00007ff866c230d4:   49 8b ce e8 33 f3 f6 ff 48 8b f8 90 8b c3 f0 0f
  0x00007ff866c230e4:   b1 2f 74 04 f3 90 eb f4 4c 89 3e 4c 89 7e 08 4c
  0x00007ff866c230f4:   89 7e 10 49 8b 6e 08 4d 8b 76 10 49 3b ee 0f 84


Stack slot to memory mapping:

stack at sp + 0 slots: 0x000000782d2fea50 is pointing into the stack for thread: 0x000001b7df5ddff0
stack at sp + 1 slots: 0x000001b7c95459b0 points into unknown readable memory: 0x000000062a001ee8 | e8 1e 00 2a 06 00 00 00
stack at sp + 2 slots: 0x0 is null
stack at sp + 3 slots: 0x000001b7df5de740 points into unknown readable memory: 0x6e616c2e6176616a | 6a 61 76 61 2e 6c 61 6e
stack at sp + 4 slots: 0x000000000000001a is an unknown value
stack at sp + 5 slots: 0x00007ff866c234db libasyncProfiler.dll
stack at sp + 6 slots: 0x0 is null
stack at sp + 7 slots: 0x000001b7df5de3b8 points into unknown readable memory: 0x00007ff870bf17b0 | b0 17 bf 70 f8 7f 00 00

Lock stack of current Java thread (top to bottom):


---------------  P R O C E S S  ---------------

Threads class SMR info:
_java_thread_list=0x000001b7cee254c0, length=15, elements={
0x000001b7df5ddff0, 0x000001b7c91319a0, 0x000001b7c91320e0, 0x000001b7c913c450,
0x000001b7c913d440, 0x000001b7c9146d70, 0x000001b7c9148540, 0x000001b7c914aa80,
0x000001b7c9152c60, 0x000001b7c9233000, 0x000001b7c94020e0, 0x000001b7c9230b70,
0x000001b7c9231a10, 0x000001b7c9402870, 0x000001b7c9233750
}

Java Threads: ( => current thread )
=>0x000001b7df5ddff0 JavaThread "main"                              [_thread_in_native, id=18160, stack(0x000000782d200000,0x000000782d300000) (1024K)]
  0x000001b7c91319a0 JavaThread "Reference Handler"          daemon [_thread_blocked, id=4352, stack(0x000000782da00000,0x000000782db00000) (1024K)]
  0x000001b7c91320e0 JavaThread "Finalizer"                  daemon [_thread_blocked, id=2320, stack(0x000000782db00000,0x000000782dc00000) (1024K)]
  0x000001b7c913c450 JavaThread "Signal Dispatcher"          daemon [_thread_blocked, id=8796, stack(0x000000782dc00000,0x000000782dd00000) (1024K)]
  0x000001b7c913d440 JavaThread "Attach Listener"            daemon [_thread_blocked, id=26372, stack(0x000000782dd00000,0x000000782de00000) (1024K)]
  0x000001b7c9146d70 JavaThread "Service Thread"             daemon [_thread_blocked, id=21684, stack(0x000000782de00000,0x000000782df00000) (1024K)]
  0x000001b7c9148540 JavaThread "Monitor Deflation Thread"   daemon [_thread_blocked, id=14176, stack(0x000000782df00000,0x000000782e000000) (1024K)]
  0x000001b7c914aa80 JavaThread "C2 CompilerThread0"         daemon [_thread_blocked, id=25492, stack(0x000000782e000000,0x000000782e100000) (1024K)]
  0x000001b7c9152c60 JavaThread "C1 CompilerThread0"         daemon [_thread_blocked, id=24592, stack(0x000000782e100000,0x000000782e200000) (1024K)]
  0x000001b7c9233000 JavaThread "Common-Cleaner"             daemon [_thread_blocked, id=14832, stack(0x000000782e200000,0x000000782e300000) (1024K)]
  0x000001b7c94020e0 JavaThread "C2 CompilerThread1"         daemon [_thread_blocked, id=12720, stack(0x000000782e300000,0x000000782e400000) (1024K)]
  0x000001b7c9230b70 JavaThread "Monitor Ctrl-Break"         daemon [_thread_in_native, id=8164, stack(0x000000782e400000,0x000000782e500000) (1024K)]
  0x000001b7c9231a10 JavaThread "JFR Recorder Thread"        daemon [_thread_in_native, id=24264, stack(0x000000782e500000,0x000000782e600000) (1024K)]
  0x000001b7c9402870 JavaThread "C2 CompilerThread2"         daemon [_thread_blocked, id=22016, stack(0x000000782e600000,0x000000782e700000) (1024K)]
  0x000001b7c9233750 JavaThread "JFR Periodic Tasks"         daemon [_thread_blocked, id=8904, stack(0x000000782e700000,0x000000782e800000) (1024K)]
Total: 15

Other Threads:
  0x000001b7c9122590 VMThread "VM Thread"                           [id=7976, stack(0x000000782d900000,0x000000782da00000) (1024K)]
  0x000001b7e81a62b0 WatcherThread "VM Periodic Task Thread"        [id=10884, stack(0x000000782d800000,0x000000782d900000) (1024K)]
  0x000001b7e80dd130 WorkerThread "GC Thread#0"                     [id=248, stack(0x000000782d300000,0x000000782d400000) (1024K)]
  0x000001b7e80f3910 ConcurrentGCThread "G1 Main Marker"            [id=7920, stack(0x000000782d400000,0x000000782d500000) (1024K)]
  0x000001b7e80f4640 WorkerThread "G1 Conc#0"                       [id=17756, stack(0x000000782d500000,0x000000782d600000) (1024K)]
  0x000001b7e819cf50 ConcurrentGCThread "G1 Refine#0"               [id=12580, stack(0x000000782d600000,0x000000782d700000) (1024K)]
  0x000001b7e819e980 ConcurrentGCThread "G1 Service"                [id=28692, stack(0x000000782d700000,0x000000782d800000) (1024K)]
Total: 7

Threads with active compile tasks:
Total: 0

VM state: not at safepoint (normal execution)

VM Mutex/Monitor currently owned by a thread: None

Heap address: 0x000000060ac00000, size: 8020 MB, Compressed Oops mode: Zero based, Oop shift amount: 3

CDS archive(s) mapped at: [0x000001b788000000-0x000001b788d40000-0x000001b788d40000), size 13893632, SharedBaseAddress: 0x000001b788000000, ArchiveRelocationMode: 1.
Compressed class space mapped at: 0x000001b789000000-0x000001b7c9000000, reserved size: 1073741824
UseCompressedClassPointers 1, UseCompactObjectHeaders 0
Narrow klass pointer bits 32, Max shift 3
Narrow klass base: 0x000001b788000000, Narrow klass shift: 0
Encoding Range: [0x000001b788000000 - 0x000001b888000000), (4294967296 bytes)
Klass Range:    [0x000001b788000000 - 0x000001b7c9000000), (1090519040 bytes)
Klass ID Range:  [8 - 1090519033) (1090519025)

GC Precious Log:
 CardTable entry size: 512
 Card Set container configuration: InlinePtr #cards 4 size 8 Array Of Cards #cards 32 size 80 Howl #buckets 8 coarsen threshold 7372 Howl Bitmap #cards 1024 size 144 coarsen threshold 921 Card regions per heap region 1 cards per card region 8192
 CPUs: 12 total, 12 available
 Memory: 32065M
 Large Page Support: Disabled
 NUMA Support: Disabled
 Compressed Oops: Enabled (Zero based)
 Heap Region Size: 4M
 Heap Min Capacity: 8M
 Heap Initial Capacity: 504M
 Heap Max Capacity: 8020M
 Pre-touch: Disabled
 Parallel Workers: 10
 Concurrent Workers: 3
 Concurrent Refinement Workers: 10
 Periodic GC: Disabled

Heap:
 garbage-first heap   total reserved 8212480K, committed 520192K, used 21616K [0x000000060ac00000, 0x0000000800000000)
  region size 4096K, 6 young (24576K), 0 survivors (0K)
 Metaspace       used 3509K, committed 3712K, reserved 1114112K
  class space    used 308K, committed 384K, reserved 1048576K

Heap Regions: E=young(eden), S=young(survivor), O=old, HS=humongous(starts), HC=humongous(continues), CS=collection set, F=free, TAMS=top-at-mark-start, PB=parsable bottom
|   0|0x000000060ac00000, 0x000000060ac00000, 0x000000060b000000|  0%| F|  |TAMS 0x000000060ac00000| PB 0x000000060ac00000| Untracked |  0
|   1|0x000000060b000000, 0x000000060b000000, 0x000000060b400000|  0%| F|  |TAMS 0x000000060b000000| PB 0x000000060b000000| Untracked |  0
|   2|0x000000060b400000, 0x000000060b400000, 0x000000060b800000|  0%| F|  |TAMS 0x000000060b400000| PB 0x000000060b400000| Untracked |  0
|   3|0x000000060b800000, 0x000000060b800000, 0x000000060bc00000|  0%| F|  |TAMS 0x000000060b800000| PB 0x000000060b800000| Untracked |  0
|   4|0x000000060bc00000, 0x000000060bc00000, 0x000000060c000000|  0%| F|  |TAMS 0x000000060bc00000| PB 0x000000060bc00000| Untracked |  0
|   5|0x000000060c000000, 0x000000060c000000, 0x000000060c400000|  0%| F|  |TAMS 0x000000060c000000| PB 0x000000060c000000| Untracked |  0
|   6|0x000000060c400000, 0x000000060c400000, 0x000000060c800000|  0%| F|  |TAMS 0x000000060c400000| PB 0x000000060c400000| Untracked |  0
|   7|0x000000060c800000, 0x000000060c800000, 0x000000060cc00000|  0%| F|  |TAMS 0x000000060c800000| PB 0x000000060c800000| Untracked |  0
|   8|0x000000060cc00000, 0x000000060cc00000, 0x000000060d000000|  0%| F|  |TAMS 0x000000060cc00000| PB 0x000000060cc00000| Untracked |  0
|   9|0x000000060d000000, 0x000000060d000000, 0x000000060d400000|  0%| F|  |TAMS 0x000000060d000000| PB 0x000000060d000000| Untracked |  0
|  10|0x000000060d400000, 0x000000060d400000, 0x000000060d800000|  0%| F|  |TAMS 0x000000060d400000| PB 0x000000060d400000| Untracked |  0
|  11|0x000000060d800000, 0x000000060d800000, 0x000000060dc00000|  0%| F|  |TAMS 0x000000060d800000| PB 0x000000060d800000| Untracked |  0
|  12|0x000000060dc00000, 0x000000060dc00000, 0x000000060e000000|  0%| F|  |TAMS 0x000000060dc00000| PB 0x000000060dc00000| Untracked |  0
|  13|0x000000060e000000, 0x000000060e000000, 0x000000060e400000|  0%| F|  |TAMS 0x000000060e000000| PB 0x000000060e000000| Untracked |  0
|  14|0x000000060e400000, 0x000000060e400000, 0x000000060e800000|  0%| F|  |TAMS 0x000000060e400000| PB 0x000000060e400000| Untracked |  0
|  15|0x000000060e800000, 0x000000060e800000, 0x000000060ec00000|  0%| F|  |TAMS 0x000000060e800000| PB 0x000000060e800000| Untracked |  0
|  16|0x000000060ec00000, 0x000000060ec00000, 0x000000060f000000|  0%| F|  |TAMS 0x000000060ec00000| PB 0x000000060ec00000| Untracked |  0
|  17|0x000000060f000000, 0x000000060f000000, 0x000000060f400000|  0%| F|  |TAMS 0x000000060f000000| PB 0x000000060f000000| Untracked |  0
|  18|0x000000060f400000, 0x000000060f400000, 0x000000060f800000|  0%| F|  |TAMS 0x000000060f400000| PB 0x000000060f400000| Untracked |  0
|  19|0x000000060f800000, 0x000000060f800000, 0x000000060fc00000|  0%| F|  |TAMS 0x000000060f800000| PB 0x000000060f800000| Untracked |  0
|  20|0x000000060fc00000, 0x000000060fc00000, 0x0000000610000000|  0%| F|  |TAMS 0x000000060fc00000| PB 0x000000060fc00000| Untracked |  0
|  21|0x0000000610000000, 0x0000000610000000, 0x0000000610400000|  0%| F|  |TAMS 0x0000000610000000| PB 0x0000000610000000| Untracked |  0
|  22|0x0000000610400000, 0x0000000610400000, 0x0000000610800000|  0%| F|  |TAMS 0x0000000610400000| PB 0x0000000610400000| Untracked |  0
|  23|0x0000000610800000, 0x0000000610800000, 0x0000000610c00000|  0%| F|  |TAMS 0x0000000610800000| PB 0x0000000610800000| Untracked |  0
|  24|0x0000000610c00000, 0x0000000610c00000, 0x0000000611000000|  0%| F|  |TAMS 0x0000000610c00000| PB 0x0000000610c00000| Untracked |  0
|  25|0x0000000611000000, 0x0000000611000000, 0x0000000611400000|  0%| F|  |TAMS 0x0000000611000000| PB 0x0000000611000000| Untracked |  0
|  26|0x0000000611400000, 0x0000000611400000, 0x0000000611800000|  0%| F|  |TAMS 0x0000000611400000| PB 0x0000000611400000| Untracked |  0
|  27|0x0000000611800000, 0x0000000611800000, 0x0000000611c00000|  0%| F|  |TAMS 0x0000000611800000| PB 0x0000000611800000| Untracked |  0
|  28|0x0000000611c00000, 0x0000000611c00000, 0x0000000612000000|  0%| F|  |TAMS 0x0000000611c00000| PB 0x0000000611c00000| Untracked |  0
|  29|0x0000000612000000, 0x0000000612000000, 0x0000000612400000|  0%| F|  |TAMS 0x0000000612000000| PB 0x0000000612000000| Untracked |  0
|  30|0x0000000612400000, 0x0000000612400000, 0x0000000612800000|  0%| F|  |TAMS 0x0000000612400000| PB 0x0000000612400000| Untracked |  0
|  31|0x0000000612800000, 0x0000000612800000, 0x0000000612c00000|  0%| F|  |TAMS 0x0000000612800000| PB 0x0000000612800000| Untracked |  0
|  32|0x0000000612c00000, 0x0000000612c00000, 0x0000000613000000|  0%| F|  |TAMS 0x0000000612c00000| PB 0x0000000612c00000| Untracked |  0
|  33|0x0000000613000000, 0x0000000613000000, 0x0000000613400000|  0%| F|  |TAMS 0x0000000613000000| PB 0x0000000613000000| Untracked |  0
|  34|0x0000000613400000, 0x0000000613400000, 0x0000000613800000|  0%| F|  |TAMS 0x0000000613400000| PB 0x0000000613400000| Untracked |  0
|  35|0x0000000613800000, 0x0000000613800000, 0x0000000613c00000|  0%| F|  |TAMS 0x0000000613800000| PB 0x0000000613800000| Untracked |  0
|  36|0x0000000613c00000, 0x0000000613c00000, 0x0000000614000000|  0%| F|  |TAMS 0x0000000613c00000| PB 0x0000000613c00000| Untracked |  0
|  37|0x0000000614000000, 0x0000000614000000, 0x0000000614400000|  0%| F|  |TAMS 0x0000000614000000| PB 0x0000000614000000| Untracked |  0
|  38|0x0000000614400000, 0x0000000614400000, 0x0000000614800000|  0%| F|  |TAMS 0x0000000614400000| PB 0x0000000614400000| Untracked |  0
|  39|0x0000000614800000, 0x0000000614800000, 0x0000000614c00000|  0%| F|  |TAMS 0x0000000614800000| PB 0x0000000614800000| Untracked |  0
|  40|0x0000000614c00000, 0x0000000614c00000, 0x0000000615000000|  0%| F|  |TAMS 0x0000000614c00000| PB 0x0000000614c00000| Untracked |  0
|  41|0x0000000615000000, 0x0000000615000000, 0x0000000615400000|  0%| F|  |TAMS 0x0000000615000000| PB 0x0000000615000000| Untracked |  0
|  42|0x0000000615400000, 0x0000000615400000, 0x0000000615800000|  0%| F|  |TAMS 0x0000000615400000| PB 0x0000000615400000| Untracked |  0
|  43|0x0000000615800000, 0x0000000615800000, 0x0000000615c00000|  0%| F|  |TAMS 0x0000000615800000| PB 0x0000000615800000| Untracked |  0
|  44|0x0000000615c00000, 0x0000000615c00000, 0x0000000616000000|  0%| F|  |TAMS 0x0000000615c00000| PB 0x0000000615c00000| Untracked |  0
|  45|0x0000000616000000, 0x0000000616000000, 0x0000000616400000|  0%| F|  |TAMS 0x0000000616000000| PB 0x0000000616000000| Untracked |  0
|  46|0x0000000616400000, 0x0000000616400000, 0x0000000616800000|  0%| F|  |TAMS 0x0000000616400000| PB 0x0000000616400000| Untracked |  0
|  47|0x0000000616800000, 0x0000000616800000, 0x0000000616c00000|  0%| F|  |TAMS 0x0000000616800000| PB 0x0000000616800000| Untracked |  0
|  48|0x0000000616c00000, 0x0000000616c00000, 0x0000000617000000|  0%| F|  |TAMS 0x0000000616c00000| PB 0x0000000616c00000| Untracked |  0
|  49|0x0000000617000000, 0x0000000617000000, 0x0000000617400000|  0%| F|  |TAMS 0x0000000617000000| PB 0x0000000617000000| Untracked |  0
|  50|0x0000000617400000, 0x0000000617400000, 0x0000000617800000|  0%| F|  |TAMS 0x0000000617400000| PB 0x0000000617400000| Untracked |  0
|  51|0x0000000617800000, 0x0000000617800000, 0x0000000617c00000|  0%| F|  |TAMS 0x0000000617800000| PB 0x0000000617800000| Untracked |  0
|  52|0x0000000617c00000, 0x0000000617c00000, 0x0000000618000000|  0%| F|  |TAMS 0x0000000617c00000| PB 0x0000000617c00000| Untracked |  0
|  53|0x0000000618000000, 0x0000000618000000, 0x0000000618400000|  0%| F|  |TAMS 0x0000000618000000| PB 0x0000000618000000| Untracked |  0
|  54|0x0000000618400000, 0x0000000618400000, 0x0000000618800000|  0%| F|  |TAMS 0x0000000618400000| PB 0x0000000618400000| Untracked |  0
|  55|0x0000000618800000, 0x0000000618800000, 0x0000000618c00000|  0%| F|  |TAMS 0x0000000618800000| PB 0x0000000618800000| Untracked |  0
|  56|0x0000000618c00000, 0x0000000618c00000, 0x0000000619000000|  0%| F|  |TAMS 0x0000000618c00000| PB 0x0000000618c00000| Untracked |  0
|  57|0x0000000619000000, 0x0000000619000000, 0x0000000619400000|  0%| F|  |TAMS 0x0000000619000000| PB 0x0000000619000000| Untracked |  0
|  58|0x0000000619400000, 0x0000000619400000, 0x0000000619800000|  0%| F|  |TAMS 0x0000000619400000| PB 0x0000000619400000| Untracked |  0
|  59|0x0000000619800000, 0x0000000619800000, 0x0000000619c00000|  0%| F|  |TAMS 0x0000000619800000| PB 0x0000000619800000| Untracked |  0
|  60|0x0000000619c00000, 0x0000000619c00000, 0x000000061a000000|  0%| F|  |TAMS 0x0000000619c00000| PB 0x0000000619c00000| Untracked |  0
|  61|0x000000061a000000, 0x000000061a000000, 0x000000061a400000|  0%| F|  |TAMS 0x000000061a000000| PB 0x000000061a000000| Untracked |  0
|  62|0x000000061a400000, 0x000000061a400000, 0x000000061a800000|  0%| F|  |TAMS 0x000000061a400000| PB 0x000000061a400000| Untracked |  0
|  63|0x000000061a800000, 0x000000061a800000, 0x000000061ac00000|  0%| F|  |TAMS 0x000000061a800000| PB 0x000000061a800000| Untracked |  0
|  64|0x000000061ac00000, 0x000000061ac00000, 0x000000061b000000|  0%| F|  |TAMS 0x000000061ac00000| PB 0x000000061ac00000| Untracked |  0
|  65|0x000000061b000000, 0x000000061b000000, 0x000000061b400000|  0%| F|  |TAMS 0x000000061b000000| PB 0x000000061b000000| Untracked |  0
|  66|0x000000061b400000, 0x000000061b400000, 0x000000061b800000|  0%| F|  |TAMS 0x000000061b400000| PB 0x000000061b400000| Untracked |  0
|  67|0x000000061b800000, 0x000000061b800000, 0x000000061bc00000|  0%| F|  |TAMS 0x000000061b800000| PB 0x000000061b800000| Untracked |  0
|  68|0x000000061bc00000, 0x000000061bc00000, 0x000000061c000000|  0%| F|  |TAMS 0x000000061bc00000| PB 0x000000061bc00000| Untracked |  0
|  69|0x000000061c000000, 0x000000061c000000, 0x000000061c400000|  0%| F|  |TAMS 0x000000061c000000| PB 0x000000061c000000| Untracked |  0
|  70|0x000000061c400000, 0x000000061c400000, 0x000000061c800000|  0%| F|  |TAMS 0x000000061c400000| PB 0x000000061c400000| Untracked |  0
|  71|0x000000061c800000, 0x000000061c800000, 0x000000061cc00000|  0%| F|  |TAMS 0x000000061c800000| PB 0x000000061c800000| Untracked |  0
|  72|0x000000061cc00000, 0x000000061cc00000, 0x000000061d000000|  0%| F|  |TAMS 0x000000061cc00000| PB 0x000000061cc00000| Untracked |  0
|  73|0x000000061d000000, 0x000000061d000000, 0x000000061d400000|  0%| F|  |TAMS 0x000000061d000000| PB 0x000000061d000000| Untracked |  0
|  74|0x000000061d400000, 0x000000061d400000, 0x000000061d800000|  0%| F|  |TAMS 0x000000061d400000| PB 0x000000061d400000| Untracked |  0
|  75|0x000000061d800000, 0x000000061d800000, 0x000000061dc00000|  0%| F|  |TAMS 0x000000061d800000| PB 0x000000061d800000| Untracked |  0
|  76|0x000000061dc00000, 0x000000061dc00000, 0x000000061e000000|  0%| F|  |TAMS 0x000000061dc00000| PB 0x000000061dc00000| Untracked |  0
|  77|0x000000061e000000, 0x000000061e000000, 0x000000061e400000|  0%| F|  |TAMS 0x000000061e000000| PB 0x000000061e000000| Untracked |  0
|  78|0x000000061e400000, 0x000000061e400000, 0x000000061e800000|  0%| F|  |TAMS 0x000000061e400000| PB 0x000000061e400000| Untracked |  0
|  79|0x000000061e800000, 0x000000061e800000, 0x000000061ec00000|  0%| F|  |TAMS 0x000000061e800000| PB 0x000000061e800000| Untracked |  0
|  80|0x000000061ec00000, 0x000000061ec00000, 0x000000061f000000|  0%| F|  |TAMS 0x000000061ec00000| PB 0x000000061ec00000| Untracked |  0
|  81|0x000000061f000000, 0x000000061f000000, 0x000000061f400000|  0%| F|  |TAMS 0x000000061f000000| PB 0x000000061f000000| Untracked |  0
|  82|0x000000061f400000, 0x000000061f400000, 0x000000061f800000|  0%| F|  |TAMS 0x000000061f400000| PB 0x000000061f400000| Untracked |  0
|  83|0x000000061f800000, 0x000000061f800000, 0x000000061fc00000|  0%| F|  |TAMS 0x000000061f800000| PB 0x000000061f800000| Untracked |  0
|  84|0x000000061fc00000, 0x000000061fc00000, 0x0000000620000000|  0%| F|  |TAMS 0x000000061fc00000| PB 0x000000061fc00000| Untracked |  0
|  85|0x0000000620000000, 0x0000000620000000, 0x0000000620400000|  0%| F|  |TAMS 0x0000000620000000| PB 0x0000000620000000| Untracked |  0
|  86|0x0000000620400000, 0x0000000620400000, 0x0000000620800000|  0%| F|  |TAMS 0x0000000620400000| PB 0x0000000620400000| Untracked |  0
|  87|0x0000000620800000, 0x0000000620800000, 0x0000000620c00000|  0%| F|  |TAMS 0x0000000620800000| PB 0x0000000620800000| Untracked |  0
|  88|0x0000000620c00000, 0x0000000620c00000, 0x0000000621000000|  0%| F|  |TAMS 0x0000000620c00000| PB 0x0000000620c00000| Untracked |  0
|  89|0x0000000621000000, 0x0000000621000000, 0x0000000621400000|  0%| F|  |TAMS 0x0000000621000000| PB 0x0000000621000000| Untracked |  0
|  90|0x0000000621400000, 0x0000000621400000, 0x0000000621800000|  0%| F|  |TAMS 0x0000000621400000| PB 0x0000000621400000| Untracked |  0
|  91|0x0000000621800000, 0x0000000621800000, 0x0000000621c00000|  0%| F|  |TAMS 0x0000000621800000| PB 0x0000000621800000| Untracked |  0
|  92|0x0000000621c00000, 0x0000000621c00000, 0x0000000622000000|  0%| F|  |TAMS 0x0000000621c00000| PB 0x0000000621c00000| Untracked |  0
|  93|0x0000000622000000, 0x0000000622000000, 0x0000000622400000|  0%| F|  |TAMS 0x0000000622000000| PB 0x0000000622000000| Untracked |  0
|  94|0x0000000622400000, 0x0000000622400000, 0x0000000622800000|  0%| F|  |TAMS 0x0000000622400000| PB 0x0000000622400000| Untracked |  0
|  95|0x0000000622800000, 0x0000000622800000, 0x0000000622c00000|  0%| F|  |TAMS 0x0000000622800000| PB 0x0000000622800000| Untracked |  0
|  96|0x0000000622c00000, 0x0000000622c00000, 0x0000000623000000|  0%| F|  |TAMS 0x0000000622c00000| PB 0x0000000622c00000| Untracked |  0
|  97|0x0000000623000000, 0x0000000623000000, 0x0000000623400000|  0%| F|  |TAMS 0x0000000623000000| PB 0x0000000623000000| Untracked |  0
|  98|0x0000000623400000, 0x0000000623400000, 0x0000000623800000|  0%| F|  |TAMS 0x0000000623400000| PB 0x0000000623400000| Untracked |  0
|  99|0x0000000623800000, 0x0000000623800000, 0x0000000623c00000|  0%| F|  |TAMS 0x0000000623800000| PB 0x0000000623800000| Untracked |  0
| 100|0x0000000623c00000, 0x0000000623c00000, 0x0000000624000000|  0%| F|  |TAMS 0x0000000623c00000| PB 0x0000000623c00000| Untracked |  0
| 101|0x0000000624000000, 0x0000000624000000, 0x0000000624400000|  0%| F|  |TAMS 0x0000000624000000| PB 0x0000000624000000| Untracked |  0
| 102|0x0000000624400000, 0x0000000624400000, 0x0000000624800000|  0%| F|  |TAMS 0x0000000624400000| PB 0x0000000624400000| Untracked |  0
| 103|0x0000000624800000, 0x0000000624800000, 0x0000000624c00000|  0%| F|  |TAMS 0x0000000624800000| PB 0x0000000624800000| Untracked |  0
| 104|0x0000000624c00000, 0x0000000624c00000, 0x0000000625000000|  0%| F|  |TAMS 0x0000000624c00000| PB 0x0000000624c00000| Untracked |  0
| 105|0x0000000625000000, 0x0000000625000000, 0x0000000625400000|  0%| F|  |TAMS 0x0000000625000000| PB 0x0000000625000000| Untracked |  0
| 106|0x0000000625400000, 0x0000000625400000, 0x0000000625800000|  0%| F|  |TAMS 0x0000000625400000| PB 0x0000000625400000| Untracked |  0
| 107|0x0000000625800000, 0x0000000625800000, 0x0000000625c00000|  0%| F|  |TAMS 0x0000000625800000| PB 0x0000000625800000| Untracked |  0
| 108|0x0000000625c00000, 0x0000000625c00000, 0x0000000626000000|  0%| F|  |TAMS 0x0000000625c00000| PB 0x0000000625c00000| Untracked |  0
| 109|0x0000000626000000, 0x0000000626000000, 0x0000000626400000|  0%| F|  |TAMS 0x0000000626000000| PB 0x0000000626000000| Untracked |  0
| 110|0x0000000626400000, 0x0000000626400000, 0x0000000626800000|  0%| F|  |TAMS 0x0000000626400000| PB 0x0000000626400000| Untracked |  0
| 111|0x0000000626800000, 0x0000000626800000, 0x0000000626c00000|  0%| F|  |TAMS 0x0000000626800000| PB 0x0000000626800000| Untracked |  0
| 112|0x0000000626c00000, 0x0000000626c00000, 0x0000000627000000|  0%| F|  |TAMS 0x0000000626c00000| PB 0x0000000626c00000| Untracked |  0
| 113|0x0000000627000000, 0x0000000627000000, 0x0000000627400000|  0%| F|  |TAMS 0x0000000627000000| PB 0x0000000627000000| Untracked |  0
| 114|0x0000000627400000, 0x0000000627400000, 0x0000000627800000|  0%| F|  |TAMS 0x0000000627400000| PB 0x0000000627400000| Untracked |  0
| 115|0x0000000627800000, 0x0000000627800000, 0x0000000627c00000|  0%| F|  |TAMS 0x0000000627800000| PB 0x0000000627800000| Untracked |  0
| 116|0x0000000627c00000, 0x0000000627c00000, 0x0000000628000000|  0%| F|  |TAMS 0x0000000627c00000| PB 0x0000000627c00000| Untracked |  0
| 117|0x0000000628000000, 0x0000000628000000, 0x0000000628400000|  0%| F|  |TAMS 0x0000000628000000| PB 0x0000000628000000| Untracked |  0
| 118|0x0000000628400000, 0x0000000628400000, 0x0000000628800000|  0%| F|  |TAMS 0x0000000628400000| PB 0x0000000628400000| Untracked |  0
| 119|0x0000000628800000, 0x0000000628800000, 0x0000000628c00000|  0%| F|  |TAMS 0x0000000628800000| PB 0x0000000628800000| Untracked |  0
| 120|0x0000000628c00000, 0x0000000628d0fc88, 0x0000000629000000| 26%| E|  |TAMS 0x0000000628c00000| PB 0x0000000628c00000| Complete |  0
| 121|0x0000000629000000, 0x0000000629400000, 0x0000000629400000|100%| E|CS|TAMS 0x0000000629000000| PB 0x0000000629000000| Complete |  0
| 122|0x0000000629400000, 0x0000000629800000, 0x0000000629800000|100%| E|CS|TAMS 0x0000000629400000| PB 0x0000000629400000| Complete |  0
| 123|0x0000000629800000, 0x0000000629c00000, 0x0000000629c00000|100%| E|CS|TAMS 0x0000000629800000| PB 0x0000000629800000| Complete |  0
| 124|0x0000000629c00000, 0x000000062a000000, 0x000000062a000000|100%| E|CS|TAMS 0x0000000629c00000| PB 0x0000000629c00000| Complete |  0
| 125|0x000000062a000000, 0x000000062a400000, 0x000000062a400000|100%| E|CS|TAMS 0x000000062a000000| PB 0x000000062a000000| Complete |  0
|2004|0x00000007ffc00000, 0x00000007ffd1c348, 0x0000000800000000| 27%| O|  |TAMS 0x00000007ffc00000| PB 0x00000007ffc00000| Untracked |  0

Card table byte_map: [0x000001b7f8e00000,0x000001b7f9db0000] _byte_map_base: 0x000001b7f5daa000

Marking Bits: (CMBitMap*) 0x000001b7e80dd840
 Bits: [0x000001b780000000, 0x000001b787d50000)

Polling page: 0x000001b7dd540000

Metaspace:

Usage:
  Non-class:      3.13 MB used.
      Class:    308.63 KB used.
       Both:      3.43 MB used.

Virtual space:
  Non-class space:       64.00 MB reserved,       3.25 MB (  5%) committed,  1 nodes.
      Class space:        1.00 GB reserved,     384.00 KB ( <1%) committed,  1 nodes.
             Both:        1.06 GB reserved,       3.62 MB ( <1%) committed. 

Chunk freelists:
   Non-Class:  11.92 MB
       Class:  15.59 MB
        Both:  27.51 MB

MaxMetaspaceSize: unlimited
CompressedClassSpaceSize: 1.00 GB
Initial GC threshold: 21.00 MB
Current GC threshold: 21.00 MB
CDS: on
 - commit_granule_bytes: 65536.
 - commit_granule_words: 8192.
 - virtual_space_node_default_size: 8388608.
 - enlarge_chunks_in_place: 1.
UseCompressedClassPointers 1, UseCompactObjectHeaders 0
Narrow klass pointer bits 32, Max shift 3
Narrow klass base: 0x000001b788000000, Narrow klass shift: 0
Encoding Range: [0x000001b788000000 - 0x000001b888000000), (4294967296 bytes)
Klass Range:    [0x000001b788000000 - 0x000001b7c9000000), (1090519040 bytes)
Klass ID Range:  [8 - 1090519033) (1090519025)


Internal statistics:

num_allocs_failed_limit: 0.
num_arena_births: 68.
num_arena_deaths: 0.
num_vsnodes_births: 2.
num_vsnodes_deaths: 0.
num_space_committed: 58.
num_space_uncommitted: 0.
num_chunks_returned_to_freelist: 0.
num_chunks_taken_from_freelist: 74.
num_chunk_merges: 0.
num_chunk_splits: 52.
num_chunks_enlarged: 33.
num_inconsistent_stats: 0.

CodeHeap 'non-profiled nmethods': size=120064Kb used=429Kb max_used=429Kb free=119635Kb
 bounds [0x000001b7efc90000, 0x000001b7eff00000, 0x000001b7f71d0000]
CodeHeap 'profiled nmethods': size=120000Kb used=1679Kb max_used=1679Kb free=118320Kb
 bounds [0x000001b7e81d0000, 0x000001b7e8440000, 0x000001b7ef700000]
CodeHeap 'non-nmethods': size=5696Kb used=1286Kb max_used=1317Kb free=4410Kb
 bounds [0x000001b7ef700000, 0x000001b7ef970000, 0x000001b7efc90000]
CodeCache: size=245760Kb, used=3394Kb, max_used=3425Kb, free=242365Kb
 total_blobs=1728, nmethods=1272, adapters=362, full_count=0
Compilation: enabled, stopped_count=0, restarted_count=0

Compilation events (20 events):
Event: 0.437 Thread 0x000001b7c9152c60 nmethod 1264 0x000001b7efcf7688 code [0x000001b7efcf7780, 0x000001b7efcf7848]
Event: 0.437 Thread 0x000001b7c9152c60 1266       3       java.lang.StringLatin1::getChar (9 bytes)
Event: 0.437 Thread 0x000001b7c9152c60 nmethod 1266 0x000001b7e8371608 code [0x000001b7e8371720, 0x000001b7e8371840]
Event: 0.437 Thread 0x000001b7c9152c60 1267   !   3       jdk.jfr.internal.Control::setValue (102 bytes)
Event: 0.437 Thread 0x000001b7c9152c60 nmethod 1267 0x000001b7e8371908 code [0x000001b7e8371ba0, 0x000001b7e8373020]
Event: 0.439 Thread 0x000001b7c914aa80 nmethod 1236 0x000001b7efcf7988 code [0x000001b7efcf7b60, 0x000001b7efcf86e8]
Event: 0.439 Thread 0x000001b7c914aa80 1265       4       java.util.HashMap$HashIterator::nextNode (100 bytes)
Event: 0.439 Thread 0x000001b7c94020e0 nmethod 1241 0x000001b7efcf8788 code [0x000001b7efcf88e0, 0x000001b7efcf8f68]
Event: 0.440 Thread 0x000001b7c9152c60 1268       1       jdk.jfr.internal.periodic.EventTask::getEventType (5 bytes)
Event: 0.440 Thread 0x000001b7c9152c60 nmethod 1268 0x000001b7efcf9008 code [0x000001b7efcf9100, 0x000001b7efcf91c8]
Event: 0.440 Thread 0x000001b7c94020e0 1269       4       java.util.Arrays::copyOf (10 bytes)
Event: 0.440 Thread 0x000001b7c9402870 nmethod 1221 0x000001b7efcf9308 code [0x000001b7efcf9560, 0x000001b7efcfa4a8]
Event: 0.440 Thread 0x000001b7c9152c60 1270       1       jdk.jfr.internal.periodic.PeriodicTask::getPeriod (5 bytes)
Event: 0.440 Thread 0x000001b7c9152c60 nmethod 1270 0x000001b7efcfa588 code [0x000001b7efcfa680, 0x000001b7efcfa748]
Event: 0.440 Thread 0x000001b7c9152c60 1272       3       java.util.Comparator::lambda$comparingLong$6043328a$1 (18 bytes)
Event: 0.440 Thread 0x000001b7c9152c60 nmethod 1272 0x000001b7e8373108 code [0x000001b7e8373260, 0x000001b7e8373658]
Event: 0.440 Thread 0x000001b7c9152c60 1271       3       java.util.Comparator$$Lambda/0x000001b789075080::compare (10 bytes)
Event: 0.441 Thread 0x000001b7c9152c60 nmethod 1271 0x000001b7e8373688 code [0x000001b7e83737e0, 0x000001b7e8373c70]
Event: 0.441 Thread 0x000001b7c914aa80 nmethod 1265 0x000001b7efcfa888 code [0x000001b7efcfa9a0, 0x000001b7efcfafa8]
Event: 0.441 Thread 0x000001b7c94020e0 nmethod 1269 0x000001b7efcfb008 code [0x000001b7efcfb120, 0x000001b7efcfb3f8]

GC Heap History (0 events):
No events

Dll operation events (10 events):
Event: 0.013 Loaded shared library C:\Users\11831\.jdks\openjdk-24\bin\java.dll
Event: 0.038 Loaded shared library C:\Users\11831\.jdks\openjdk-24\bin\jsvml.dll
Event: 0.117 Loaded shared library C:\Users\11831\.jdks\openjdk-24\bin\zip.dll
Event: 0.123 Loaded shared library C:\Users\11831\.jdks\openjdk-24\bin\instrument.dll
Event: 0.131 Loaded shared library C:\Users\11831\.jdks\openjdk-24\bin\net.dll
Event: 0.134 Loaded shared library C:\Users\11831\.jdks\openjdk-24\bin\nio.dll
Event: 0.139 Loaded shared library C:\Users\11831\.jdks\openjdk-24\bin\zip.dll
Event: 0.197 Loaded shared library C:\Program Files\JetBrains\IntelliJ IDEA 2024.3.3\bin\breakgen64.dll
Event: 0.208 Loaded shared library C:\Users\11831\.jdks\openjdk-24\bin\extnet.dll
Event: 0.240 Loaded shared library C:\Users\11831\.jdks\openjdk-24\bin\jimage.dll

Deoptimization events (20 events):
Event: 0.410 Thread 0x000001b7df5ddff0 Uncommon trap: trap_request=0xffffffd6 fr.pc=0x000001b7efceb69c relative=0x00000000000006bc
Event: 0.410 Thread 0x000001b7df5ddff0 Uncommon trap: reason=array_check action=maybe_recompile pc=0x000001b7efceb69c method=jdk.internal.classfile.impl.SplitConstantPool.internalAdd(Ljava/lang/classfile/constantpool/PoolEntry;I)Ljava/lang/classfile/constantpool/PoolEntry; @ 46 c2
Event: 0.410 Thread 0x000001b7df5ddff0 DEOPT PACKING pc=0x000001b7efceb69c sp=0x000000782d2fd100
Event: 0.410 Thread 0x000001b7df5ddff0 DEOPT UNPACKING pc=0x000001b7ef817302 sp=0x000000782d2fd0b0 mode 2
Event: 0.410 Thread 0x000001b7df5ddff0 Uncommon trap: trap_request=0xffffffd6 fr.pc=0x000001b7efceb69c relative=0x00000000000006bc
Event: 0.410 Thread 0x000001b7df5ddff0 Uncommon trap: reason=array_check action=maybe_recompile pc=0x000001b7efceb69c method=jdk.internal.classfile.impl.SplitConstantPool.internalAdd(Ljava/lang/classfile/constantpool/PoolEntry;I)Ljava/lang/classfile/constantpool/PoolEntry; @ 46 c2
Event: 0.410 Thread 0x000001b7df5ddff0 DEOPT PACKING pc=0x000001b7efceb69c sp=0x000000782d2fd090
Event: 0.410 Thread 0x000001b7df5ddff0 DEOPT UNPACKING pc=0x000001b7ef817302 sp=0x000000782d2fd040 mode 2
Event: 0.415 Thread 0x000001b7df5ddff0 Uncommon trap: trap_request=0xffffff4d fr.pc=0x000001b7efce5190 relative=0x00000000000000f0
Event: 0.415 Thread 0x000001b7df5ddff0 Uncommon trap: reason=unstable_if action=reinterpret pc=0x000001b7efce5190 method=java.lang.Long.valueOf(J)Ljava/lang/Long; @ 17 c2
Event: 0.415 Thread 0x000001b7df5ddff0 DEOPT PACKING pc=0x000001b7efce5190 sp=0x000000782d2fdfd0
Event: 0.415 Thread 0x000001b7df5ddff0 DEOPT UNPACKING pc=0x000001b7ef817302 sp=0x000000782d2fdf68 mode 2
Event: 0.426 Thread 0x000001b7df5ddff0 Uncommon trap: trap_request=0xffffff4d fr.pc=0x000001b7efcf2d3c relative=0x000000000000021c
Event: 0.426 Thread 0x000001b7df5ddff0 Uncommon trap: reason=unstable_if action=reinterpret pc=0x000001b7efcf2d3c method=java.io.ByteArrayOutputStream.ensureCapacity(I)V @ 11 c2
Event: 0.426 Thread 0x000001b7df5ddff0 DEOPT PACKING pc=0x000001b7efcf2d3c sp=0x000000782d2fdf90
Event: 0.426 Thread 0x000001b7df5ddff0 DEOPT UNPACKING pc=0x000001b7ef817302 sp=0x000000782d2fded8 mode 2
Event: 0.428 Thread 0x000001b7df5ddff0 Uncommon trap: trap_request=0xffffff4d fr.pc=0x000001b7efcf1868 relative=0x0000000000000068
Event: 0.428 Thread 0x000001b7df5ddff0 Uncommon trap: reason=unstable_if action=reinterpret pc=0x000001b7efcf1868 method=java.io.ByteArrayOutputStream.ensureCapacity(I)V @ 11 c2
Event: 0.428 Thread 0x000001b7df5ddff0 DEOPT PACKING pc=0x000001b7efcf1868 sp=0x000000782d2fde90
Event: 0.428 Thread 0x000001b7df5ddff0 DEOPT UNPACKING pc=0x000001b7ef817302 sp=0x000000782d2fde10 mode 2

Classes loaded (20 events):
Event: 0.414 Loading class jdk/jfr/internal/MetadataWriter
Event: 0.414 Loading class jdk/jfr/internal/MetadataWriter done
Event: 0.414 Loading class jdk/jfr/internal/MetadataDescriptor$Element
Event: 0.415 Loading class jdk/jfr/internal/MetadataDescriptor$Element done
Event: 0.415 Loading class jdk/jfr/internal/MetadataDescriptor$Attribute
Event: 0.415 Loading class jdk/jfr/internal/MetadataDescriptor$Attribute done
Event: 0.423 Loading class jdk/jfr/internal/consumer/StringParser$Encoding
Event: 0.423 Loading class jdk/jfr/internal/consumer/StringParser$Encoding done
Event: 0.430 Loading class jdk/jfr/internal/consumer/RepositoryFiles
Event: 0.430 Loading class jdk/jfr/internal/consumer/RepositoryFiles done
Event: 0.432 Loading class jdk/jfr/internal/SettingsManager$InternalSetting
Event: 0.432 Loading class jdk/jfr/internal/SettingsManager$InternalSetting done
Event: 0.434 Loading class jdk/jfr/internal/util/Rate
Event: 0.434 Loading class jdk/jfr/internal/util/Rate done
Event: 0.434 Loading class jdk/jfr/internal/util/TimespanUnit
Event: 0.435 Loading class jdk/jfr/internal/util/TimespanUnit done
Event: 0.435 Loading class jdk/jfr/internal/util/ValueParser
Event: 0.435 Loading class jdk/jfr/internal/util/ValueParser done
Event: 0.437 Loading class jdk/jfr/internal/periodic/PeriodicType
Event: 0.437 Loading class jdk/jfr/internal/periodic/PeriodicType done

Classes unloaded (0 events):
No events

Classes redefined (0 events):
No events

Internal exceptions (19 events):
Event: 0.111 Thread 0x000001b7df5ddff0 Implicit null exception at 0x000001b7efc9c153 to 0x000001b7efc9c2fc
Event: 0.185 Thread 0x000001b7df5ddff0 Exception <a 'java/lang/NoSuchMethodError'{0x0000000629e061d0}: 'void java.lang.invoke.DirectMethodHandle$Holder.invokeStatic(java.lang.Object, java.lang.Object, java.lang.Object)'> (0x0000000629e061d0) 
thrown [s\open\src\hotspot\share\interpreter\linkResolver.cpp, line 805]
Event: 0.192 Thread 0x000001b7df5ddff0 Exception <a 'java/lang/NoSuchMethodError'{0x0000000629e3dc80}: 'java.lang.Object java.lang.invoke.Invokers$Holder.invokeExact_MT(java.lang.Object, java.lang.Object, java.lang.Object, java.lang.Object, java.lang.Object)'> (0x0000000629e3dc80) 
thrown [s\open\src\hotspot\share\interpreter\linkResolver.cpp, line 805]
Event: 0.202 Thread 0x000001b7df5ddff0 Exception <a 'java/lang/NoSuchMethodError'{0x0000000629e51388}: 'java.lang.Object java.lang.invoke.DirectMethodHandle$Holder.invokeStaticInit(java.lang.Object, java.lang.Object, java.lang.Object)'> (0x0000000629e51388) 
thrown [s\open\src\hotspot\share\interpreter\linkResolver.cpp, line 805]
Event: 0.206 Thread 0x000001b7c9230b70 Exception <a 'java/lang/NoSuchMethodError'{0x0000000629f23ae8}: 'java.lang.Object java.lang.invoke.DirectMethodHandle$Holder.invokeStaticInit(java.lang.Object)'> (0x0000000629f23ae8) 
thrown [s\open\src\hotspot\share\interpreter\linkResolver.cpp, line 805]
Event: 0.209 Thread 0x000001b7c9230b70 Exception <a 'java/lang/NoSuchMethodError'{0x0000000629f2ea38}: 'void java.lang.invoke.DirectMethodHandle$Holder.invokeStatic(java.lang.Object, java.lang.Object)'> (0x0000000629f2ea38) 
thrown [s\open\src\hotspot\share\interpreter\linkResolver.cpp, line 805]
Event: 0.255 Thread 0x000001b7df5ddff0 Exception <a 'java/lang/NoSuchMethodError'{0x000000062992b0a8}: 'void java.lang.invoke.DirectMethodHandle$Holder.invokeStaticInit(java.lang.Object)'> (0x000000062992b0a8) 
thrown [s\open\src\hotspot\share\interpreter\linkResolver.cpp, line 805]
Event: 0.267 Thread 0x000001b7df5ddff0 Exception <a 'java/lang/NoSuchMethodError'{0x000000062999c4a0}: 'void java.lang.invoke.DirectMethodHandle$Holder.invokeSpecial(java.lang.Object, java.lang.Object, java.lang.Object)'> (0x000000062999c4a0) 
thrown [s\open\src\hotspot\share\interpreter\linkResolver.cpp, line 805]
Event: 0.278 Thread 0x000001b7df5ddff0 Exception <a 'java/lang/NoSuchMethodError'{0x0000000629a062d8}: 'java.lang.Object java.lang.invoke.DirectMethodHandle$Holder.newInvokeSpecial(java.lang.Object, java.lang.Object, java.lang.Object, java.lang.Object, java.lang.Object)'> (0x0000000629a062d8) 
thrown [s\open\src\hotspot\share\interpreter\linkResolver.cpp, line 805]
Event: 0.322 Thread 0x000001b7df5ddff0 Exception <a 'java/lang/NoSuchMethodError'{0x0000000629b9cbc8}: 'long java.lang.invoke.DirectMethodHandle$Holder.invokeVirtual(java.lang.Object, java.lang.Object)'> (0x0000000629b9cbc8) 
thrown [s\open\src\hotspot\share\interpreter\linkResolver.cpp, line 805]
Event: 0.360 Thread 0x000001b7df5ddff0 Exception <a 'java/lang/NoSuchMethodError'{0x00000006295f1bf0}: 'int java.lang.invoke.DirectMethodHandle$Holder.invokeSpecial(java.lang.Object, java.lang.Object, java.lang.Object)'> (0x00000006295f1bf0) 
thrown [s\open\src\hotspot\share\interpreter\linkResolver.cpp, line 805]
Event: 0.398 Thread 0x000001b7df5ddff0 Exception <a 'java/lang/NoSuchMethodError'{0x00000006297c1a50}: 'void java.lang.invoke.DirectMethodHandle$Holder.invokeSpecial(java.lang.Object, java.lang.Object, int)'> (0x00000006297c1a50) 
thrown [s\open\src\hotspot\share\interpreter\linkResolver.cpp, line 805]
Event: 0.399 Thread 0x000001b7df5ddff0 Exception <a 'java/lang/NoSuchMethodError'{0x00000006297c9670}: 'void java.lang.invoke.Invokers$Holder.invokeExact_MT(java.lang.Object, int, java.lang.Object)'> (0x00000006297c9670) 
thrown [s\open\src\hotspot\share\interpreter\linkResolver.cpp, line 805]
Event: 0.400 Thread 0x000001b7df5ddff0 Exception <a 'java/lang/NoSuchMethodError'{0x00000006297e5138}: 'void java.lang.invoke.DirectMethodHandle$Holder.invokeStatic(java.lang.Object, java.lang.Object, int)'> (0x00000006297e5138) 
thrown [s\open\src\hotspot\share\interpreter\linkResolver.cpp, line 805]
Event: 0.401 Thread 0x000001b7df5ddff0 Exception <a 'java/lang/NoSuchMethodError'{0x00000006297f4228}: 'java.lang.Object java.lang.invoke.DirectMethodHandle$Holder.newInvokeSpecial(java.lang.Object, java.lang.Object, int)'> (0x00000006297f4228) 
thrown [s\open\src\hotspot\share\interpreter\linkResolver.cpp, line 805]
Event: 0.401 Thread 0x000001b7c9233750 Exception <a 'java/lang/NoSuchMethodError'{0x0000000629001328}: 'long java.lang.invoke.DirectMethodHandle$Holder.invokeSpecial(java.lang.Object, java.lang.Object)'> (0x0000000629001328) 
thrown [s\open\src\hotspot\share\interpreter\linkResolver.cpp, line 805]
Event: 0.405 Thread 0x000001b7df5ddff0 Exception <a 'sun/nio/fs/WindowsException'{0x00000006291206f8}> (0x00000006291206f8) 
thrown [s\open\src\hotspot\share\prims\jni.cpp, line 518]
Event: 0.407 Thread 0x000001b7df5ddff0 Exception <a 'sun/nio/fs/WindowsException'{0x000000062912d5f0}> (0x000000062912d5f0) 
thrown [s\open\src\hotspot\share\prims\jni.cpp, line 518]
Event: 0.411 Thread 0x000001b7df5ddff0 Exception <a 'sun/nio/fs/WindowsException'{0x000000062913f458}> (0x000000062913f458) 
thrown [s\open\src\hotspot\share\prims\jni.cpp, line 518]

VM Operations (8 events):
Event: 0.104 Executing VM operation: HandshakeAllThreads (Deoptimize)
Event: 0.104 Executing VM operation: HandshakeAllThreads (Deoptimize) done
Event: 0.402 Executing VM operation: HandshakeAllThreads (Deoptimize)
Event: 0.402 Executing VM operation: HandshakeAllThreads (Deoptimize) done
Event: 0.403 Executing VM operation: HandshakeAllThreads (Deoptimize)
Event: 0.403 Executing VM operation: HandshakeAllThreads (Deoptimize) done
Event: 0.430 Executing VM operation: JFRSafepointClear
Event: 0.430 Executing VM operation: JFRSafepointClear done

Memory protections (0 events):
No events

Nmethod flushes (0 events):
No events

Events (15 events):
Event: 0.024 Thread 0x000001b7df5ddff0 Thread added: 0x000001b7df5ddff0
Event: 0.037 Thread 0x000001b7df5ddff0 Thread added: 0x000001b7c91319a0
Event: 0.037 Thread 0x000001b7df5ddff0 Thread added: 0x000001b7c91320e0
Event: 0.037 Thread 0x000001b7df5ddff0 Thread added: 0x000001b7c913c450
Event: 0.037 Thread 0x000001b7df5ddff0 Thread added: 0x000001b7c913d440
Event: 0.037 Thread 0x000001b7df5ddff0 Thread added: 0x000001b7c9146d70
Event: 0.037 Thread 0x000001b7df5ddff0 Thread added: 0x000001b7c9148540
Event: 0.037 Thread 0x000001b7df5ddff0 Thread added: 0x000001b7c914aa80
Event: 0.037 Thread 0x000001b7df5ddff0 Thread added: 0x000001b7c9152c60
Event: 0.098 Thread 0x000001b7df5ddff0 Thread added: 0x000001b7c9233000
Event: 0.149 Thread 0x000001b7c9152c60 Thread added: 0x000001b7c94020e0
Event: 0.197 Thread 0x000001b7df5ddff0 Thread added: 0x000001b7c9230b70
Event: 0.253 Thread 0x000001b7df5ddff0 Thread added: 0x000001b7c9231a10
Event: 0.333 Thread 0x000001b7c9152c60 Thread added: 0x000001b7c9402870
Event: 0.401 Thread 0x000001b7df5ddff0 Thread added: 0x000001b7c9233750


Dynamic libraries:
0x00007ff7bea80000 - 0x00007ff7bea8e000 	C:\Users\11831\.jdks\openjdk-24\bin\java.exe
0x00007ff904a40000 - 0x00007ff904ca3000 	C:\WINDOWS\SYSTEM32\ntdll.dll
0x00007ff903220000 - 0x00007ff9032e7000 	C:\WINDOWS\System32\KERNEL32.DLL
0x00007ff902130000 - 0x00007ff9024f9000 	C:\WINDOWS\System32\KERNELBASE.dll
0x00007ff901e30000 - 0x00007ff901f7c000 	C:\WINDOWS\System32\ucrtbase.dll
0x00007ff8f22f0000 - 0x00007ff8f2306000 	C:\Users\11831\.jdks\openjdk-24\bin\jli.dll
0x00007ff8f2760000 - 0x00007ff8f277b000 	C:\Users\11831\.jdks\openjdk-24\bin\VCRUNTIME140.dll
0x00007ff903e40000 - 0x00007ff90400a000 	C:\WINDOWS\System32\USER32.dll
0x00007ff8e55f0000 - 0x00007ff8e5880000 	C:\WINDOWS\WinSxS\amd64_microsoft.windows.common-controls_6595b64144ccf1df_6.0.26100.3323_none_3e088096e3344490\COMCTL32.dll
0x00007ff901f80000 - 0x00007ff901fa7000 	C:\WINDOWS\System32\win32u.dll
0x00007ff9028b0000 - 0x00007ff9028da000 	C:\WINDOWS\System32\GDI32.dll
0x00007ff903cd0000 - 0x00007ff903d79000 	C:\WINDOWS\System32\msvcrt.dll
0x00007ff901c40000 - 0x00007ff901d71000 	C:\WINDOWS\System32\gdi32full.dll
0x00007ff901d80000 - 0x00007ff901e23000 	C:\WINDOWS\System32\msvcp_win.dll
0x00007ff903d80000 - 0x00007ff903daf000 	C:\WINDOWS\System32\IMM32.DLL
0x00007ff8fbbf0000 - 0x00007ff8fbbfc000 	C:\Users\11831\.jdks\openjdk-24\bin\vcruntime140_1.dll
0x00007ff8dfeb0000 - 0x00007ff8dff3e000 	C:\Users\11831\.jdks\openjdk-24\bin\msvcp140.dll
0x00007ff86ffc0000 - 0x00007ff870d62000 	C:\Users\11831\.jdks\openjdk-24\bin\server\jvm.dll
0x00007ff903160000 - 0x00007ff903212000 	C:\WINDOWS\System32\ADVAPI32.dll
0x00007ff904010000 - 0x00007ff9040b6000 	C:\WINDOWS\System32\sechost.dll
0x00007ff9046f0000 - 0x00007ff904806000 	C:\WINDOWS\System32\RPCRT4.dll
0x00007ff903dc0000 - 0x00007ff903e34000 	C:\WINDOWS\System32\WS2_32.dll
0x00007ff9018a0000 - 0x00007ff9018ee000 	C:\WINDOWS\SYSTEM32\POWRPROF.dll
0x00007ff8f9800000 - 0x00007ff8f9836000 	C:\WINDOWS\SYSTEM32\WINMM.dll
0x00007ff8f9840000 - 0x00007ff8f984b000 	C:\WINDOWS\SYSTEM32\VERSION.dll
0x00007ff901880000 - 0x00007ff901894000 	C:\WINDOWS\SYSTEM32\UMPDC.dll
0x00007ff9009f0000 - 0x00007ff900a0a000 	C:\WINDOWS\SYSTEM32\kernel.appcore.dll
0x00007ff8f2580000 - 0x00007ff8f258a000 	C:\Users\11831\.jdks\openjdk-24\bin\jimage.dll
0x00007ff8ff520000 - 0x00007ff8ff761000 	C:\WINDOWS\SYSTEM32\DBGHELP.DLL
0x00007ff9041a0000 - 0x00007ff904522000 	C:\WINDOWS\System32\combase.dll
0x00007ff9040c0000 - 0x00007ff904196000 	C:\WINDOWS\System32\OLEAUT32.dll
0x00007ff8c7260000 - 0x00007ff8c7299000 	C:\WINDOWS\SYSTEM32\dbgcore.DLL
0x00007ff9027c0000 - 0x00007ff902859000 	C:\WINDOWS\System32\bcryptPrimitives.dll
0x00007ff8f26b0000 - 0x00007ff8f26bf000 	C:\Users\11831\.jdks\openjdk-24\bin\instrument.dll
0x00007ff8f2150000 - 0x00007ff8f216e000 	C:\Users\11831\.jdks\openjdk-24\bin\java.dll
0x00007ff903b30000 - 0x00007ff903cc5000 	C:\WINDOWS\System32\ole32.dll
0x00007ff902a40000 - 0x00007ff903155000 	C:\WINDOWS\System32\SHELL32.dll
0x00007ff902500000 - 0x00007ff902668000 	C:\WINDOWS\System32\wintypes.dll
0x00007ff866b90000 - 0x00007ff866d9e000 	C:\Users\11831\AppData\Local\Temp\idea_libasyncProfiler_dll_temp_folder1\libasyncProfiler.dll
0x00007ff8ff770000 - 0x00007ff8fffb5000 	C:\WINDOWS\SYSTEM32\windows.storage.dll
0x00007ff903a40000 - 0x00007ff903b2b000 	C:\WINDOWS\System32\SHCORE.dll
0x00007ff9045b0000 - 0x00007ff90460d000 	C:\WINDOWS\System32\shlwapi.dll
0x00007ff901ae0000 - 0x00007ff901b0f000 	C:\WINDOWS\SYSTEM32\profapi.dll
0x00007ff8b47c0000 - 0x00007ff8b4897000 	C:\Users\11831\.jdks\openjdk-24\bin\jsvml.dll
0x00007ff8e97a0000 - 0x00007ff8e97b7000 	C:\Users\11831\.jdks\openjdk-24\bin\zip.dll
0x00007ff8f22e0000 - 0x00007ff8f22f0000 	C:\Users\11831\.jdks\openjdk-24\bin\net.dll
0x00007ff900f10000 - 0x00007ff900f7a000 	C:\WINDOWS\system32\mswsock.dll
0x00007ff8f1b50000 - 0x00007ff8f1b66000 	C:\Users\11831\.jdks\openjdk-24\bin\nio.dll
0x00007ff8f2600000 - 0x00007ff8f261a000 	C:\Program Files\JetBrains\IntelliJ IDEA 2024.3.3\bin\breakgen64.dll
0x00007ff8ea5e0000 - 0x00007ff8ea5e9000 	C:\Users\11831\.jdks\openjdk-24\bin\extnet.dll

dbghelp: loaded successfully - version: 4.0.5 - missing functions: none
symbol engine: initialized successfully - sym options: 0x614 - pdb path: .;C:\Users\11831\.jdks\openjdk-24\bin;C:\WINDOWS\SYSTEM32;C:\WINDOWS\WinSxS\amd64_microsoft.windows.common-controls_6595b64144ccf1df_6.0.26100.3323_none_3e088096e3344490;C:\Users\11831\.jdks\openjdk-24\bin\server;C:\Users\11831\AppData\Local\Temp\idea_libasyncProfiler_dll_temp_folder1;C:\Program Files\JetBrains\IntelliJ IDEA 2024.3.3\bin

VM Arguments:
jvm_args: -javaagent:C:\Program Files\JetBrains\IntelliJ IDEA 2024.3.3\lib\idea_rt.jar=64810:C:\Program Files\JetBrains\IntelliJ IDEA 2024.3.3\bin -agentpath:C:\Users\11831\AppData\Local\Temp\idea_libasyncProfiler_dll_temp_folder1\libasyncProfiler.dll=start,jfr,event=wall,interval=10ms,jfrsync=profile,cstack=no,file=C:\Users\11831\IdeaSnapshots\Client_2025_04_22_212403.jfr,dbghelppath=C:\Users\11831\AppData\Local\Temp\idea_dbghelp_dll_temp_folder\dbghelp.dll,log=C:\Users\11831\AppData\Local\Temp\Client_2025_04_22_212403.jfr.log.txt,logLevel=DEBUG -Dfile.encoding=UTF-8 -Dsun.stdout.encoding=UTF-8 -Dsun.stderr.encoding=UTF-8 
java_command: Client.Main
java_class_path (initial): C:\Users\11831\IdeaProjects\Former\Client\target\classes;C:\Users\11831\IdeaProjects\Former\Server\target\classes;C:\Users\11831\.m2\repository\org\springframework\boot\spring-boot-starter-web\2.7.5\spring-boot-starter-web-2.7.5.jar;C:\Users\11831\.m2\repository\org\springframework\boot\spring-boot-starter\2.7.5\spring-boot-starter-2.7.5.jar;C:\Users\11831\.m2\repository\org\springframework\boot\spring-boot\2.7.5\spring-boot-2.7.5.jar;C:\Users\11831\.m2\repository\org\springframework\boot\spring-boot-autoconfigure\2.7.5\spring-boot-autoconfigure-2.7.5.jar;C:\Users\11831\.m2\repository\org\springframework\boot\spring-boot-starter-logging\2.7.5\spring-boot-starter-logging-2.7.5.jar;C:\Users\11831\.m2\repository\ch\qos\logback\logback-classic\1.2.11\logback-classic-1.2.11.jar;C:\Users\11831\.m2\repository\ch\qos\logback\logback-core\1.2.11\logback-core-1.2.11.jar;C:\Users\11831\.m2\repository\org\slf4j\slf4j-api\1.7.32\slf4j-api-1.7.32.jar;C:\Users\11831\.m2\repository\org\apache\logging\log4j\log4j-to-slf4j\2.17.2\log4j-to-slf4j-2.17.2.jar;C:\Users\11831\.m2\repository\org\apache\logging\log4j\log4j-api\2.17.2\log4j-api-2.17.2.jar;C:\Users\11831\.m2\repository\org\slf4j\jul-to-slf4j\1.7.36\jul-to-slf4j-1.7.36.jar;C:\Users\11831\.m2\repository\jakarta\annotation\jakarta.annotation-api\1.3.5\jakarta.annotation-api-1.3.5.jar;C:\Users\11831\.m2\repository\org\springframework\spring-core\5.3.23\spring-core-5.3.23.jar;C:\Users\11831\.m2\repository\org\springframework\spring-jcl\5.3.23\spring-jcl-5.3.23.jar;C:\Users\11831\.m2\repository\org\yaml\snakeyaml\1.30\snakeyaml-1.30.jar;C:\Users\11831\.m2\repository\org\springframework\boot\spring-boot-starter-json\2.7.5\spring-boot-starter-json-2.7.5.jar;C:\Users\11831\.m2\repository\com\fasterxml\jackson\core\jackson-databind\2.13.4.2\jackson-databind-2.13.4.2.jar;C:\Users\11831\.m2\repository\com\fasterxml\jackson\core\jackson-annotations\2.13.4\jackson-annotations-2.13.4.jar;C:\Users\11831\.m2\repository\com\fasterxml\jackson\core\jackson-core\2.13.4\jackson-core-2.13.4.jar;C:\Users\11831\.m2\repository\com\fasterxml\jackson\datatype\jackson-datatype-jdk8\2.13.4\jackson-datatype-jdk8-2.13.4.jar;C:\Users\11831\.m2\repository\com\fasterxml\jackson\datatype\jackson-datatype-jsr310\2.13.4\jackson-datatype-jsr310-2.13.4.jar;C:\Users\11831\.m2\repository\com\fasterxml\jackson\module\jackson-module-parameter-names\2.13.4\jackson-module-parameter-names-2.13.4.jar;C:\Users\11831\.m2\repository\org\springframework\boot\spring-boot-starter-tomcat\2.7.5\spring-boot-starter-tomcat-2.7.5.jar;C:\Users\11831\.m2\repository\org\apache\tomcat\embed\tomcat-embed-core\9.0.68\tomcat-embed-core-9.0.68.jar;C:\Users\11831\.m2\repository\org\apache\tomcat\embed\tomcat-embed-el\9.0.68\tomcat-embed-el-9.0.68.jar;C:\Users\11831\.m2\repository\org\apache\tomcat\embed\tomcat-embed-websocket\9.0.68\tomcat-embed-websocket-9.0.68.jar;C:\Users\11831\.m2\repository\org\springframework\spring-web\5.3.23\spring-web-5.3.23.jar;C:\Users\11831\.m2\repository\org\springframework\spring-beans\5.3.23\spring-beans-5.3.23.jar;C:\Users\11831\.m2\repository\org\springframework\spring-webmvc\5.3.23\spring-webmvc-5.3.23.jar;C:\Users\11831\.m2\repository\org\springframework\spring-aop\5.3.23\spring-aop-5.3.23.jar;C:\Users\11831\.m2\repository\org\springframework\spring-context\5.3.23\spring-context-5.3.23.jar;C:\Users\11831\.m2\repository\org\springframework\spring-expression\5.3.23\spring-expression-5.3.23.jar;C:\Users\11831\.m2\repository\org\openjfx\javafx-controls\17.0.1\javafx-controls-17.0.1.jar;C:\Users\11831\.m2\repository\org\openjfx\javafx-controls\17.0.1\javafx-controls-17.0.1-win.jar;C:\Users\11831\.m2\repository\org\openjfx\javafx-graphics\17.0.1\javafx-graphics-17.0.1.jar;C:\Users\11831\.m2\repository\org\openjfx\javafx-graphics\17.0.1\javafx-graphics-17.0.1-win.jar;C:\Users\11831\.m2\repository\org\openjfx\javafx-base\17.0.1\javafx-base-17.0.1.jar;C:\Users\11831\.m2\repository\org\openjfx\javafx-base\17.0.1\javafx-base-17.0.1-win.jar;C:\Users\11831\.m2\repository\org\openjfx\javafx-fxml\17.0.1\javafx-fxml-17.0.1.jar;C:\Users\11831\.m2\repository\org\openjfx\javafx-fxml\17.0.1\javafx-fxml-17.0.1-win.jar
Launcher Type: SUN_STANDARD

[Global flags]
     intx CICompilerCount                          = 4                                         {product} {ergonomic}
     uint ConcGCThreads                            = 3                                         {product} {ergonomic}
     bool FlightRecorder                           = true                                      {product} {management}
     uint G1ConcRefinementThreads                  = 10                                        {product} {ergonomic}
   size_t G1HeapRegionSize                         = 4194304                                   {product} {ergonomic}
   size_t InitialHeapSize                          = 528482304                                 {product} {ergonomic}
   size_t MarkStackSize                            = 4194304                                   {product} {ergonomic}
   size_t MarkStackSizeMax                         = 536870912                                 {product} {ergonomic}
   size_t MaxHeapSize                              = 8409579520                                {product} {ergonomic}
   size_t MaxNewSize                               = 5045747712                                {product} {ergonomic}
   size_t MinHeapDeltaBytes                        = 4194304                                   {product} {ergonomic}
   size_t MinHeapSize                              = 8388608                                   {product} {ergonomic}
    uintx NonNMethodCodeHeapSize                   = 5832704                                {pd product} {ergonomic}
    uintx NonProfiledCodeHeapSize                  = 122945536                              {pd product} {ergonomic}
    uintx ProfiledCodeHeapSize                     = 122880000                              {pd product} {ergonomic}
    uintx ReservedCodeCacheSize                    = 251658240                              {pd product} {ergonomic}
     bool SegmentedCodeCache                       = true                                      {product} {ergonomic}
   size_t SoftMaxHeapSize                          = 8409579520                             {manageable} {ergonomic}
     bool UseCompressedOops                        = true                           {product lp64_product} {ergonomic}
     bool UseG1GC                                  = true                                      {product} {ergonomic}
     bool UseLargePagesIndividualAllocation        = false                                  {pd product} {ergonomic}

Logging:
Log output configuration:
 #0: stdout all=warning uptime,level,tags foldmultilines=false
 #1: stderr all=off uptime,level,tags foldmultilines=false

Environment Variables:
PATH=C:\Program Files\Eclipse Adoptium\jdk-17.0.4.101-hotspot\bin;C:\Program Files (x86)\VMware\VMware Workstation\bin\;C:\Program Files\Microsoft\jdk-11.0.16.101-hotspot\bin;C:\WINDOWS\system32;C:\WINDOWS;C:\WINDOWS\System32\Wbem;C:\WINDOWS\System32\WindowsPowerShell\v1.0\;C:\WINDOWS\System32\OpenSSH\;C:\Program Files\Microsoft SQL Server\150\Tools\Binn\;C:\Program Files\Microsoft SQL Server\Client SDK\ODBC\170\Tools\Binn\;C:\Program Files (x86)\Windows Kits\10\Windows Performance Toolkit\;C:\Program Files (x86)\MATLAB\bin;C:\Program Files\Git\cmd;C:\Program Files\dotnet\;C:\texlive\2025\bin\windows;C:\ProgramData\anaconda3\Library\bin;C:\ProgramData\anaconda3\Scripts;C:\ProgramData\anaconda3;C:\Users\11831\AppData\Roaming\Python\Python312\Scripts;C:\Users\11831\Maven\apache-maven-3.9.9\bin;C:\Users\11831\AppData\Local\Microsoft\WindowsApps;C:\ProgramData\anaconda3\Library\bin;C:\ProgramData\anaconda3\Scripts;C:\ProgramData\anaconda3;C:\Program Files\MySQL\MySQL Server 8.0\bin;C:\Program Files (x86)\JetBrains\IntelliJ IDEA Community Edition 2024.3.3\bin;;C:\Program Files\JetBrains\IntelliJ IDEA 2024.3.3\bin;;C:\Program Files\JetBrains\DataGrip 2024.3.5\bin;;C:\Users\11831\.dotnet\tools;C:\texlive\2025\bin\windows;C:\Program Files\Huawei\DevEco Studio\bin;;C:\Program Files\JetBrains\PyCharm 2024.3.5\bin;;C:\Users\11831\AppData\Roaming\Python\Python312\Scripts;C:\Users\11831\Maven\apache-maven-3.9.9\bin;
USERNAME=11831
OS=Windows_NT
PROCESSOR_IDENTIFIER=AMD64 Family 25 Model 80 Stepping 0, AuthenticAMD
TMP=C:\Users\11831\AppData\Local\Temp
TEMP=C:\Users\11831\AppData\Local\Temp




Periodic native trim disabled

---------------  S Y S T E M  ---------------

OS:
 Windows 11 , 64 bit Build 26100 (10.0.26100.3323)
OS uptime: 11 days 23:25 hours

CPU: total 12 (initial active 12) (12 cores per cpu, 2 threads per core) family 25 model 80 stepping 0 microcode 0xa500011, cx8, cmov, fxsr, ht, mmx, 3dnowpref, sse, sse2, sse3, ssse3, sse4a, sse4.1, sse4.2, popcnt, lzcnt, tsc, tscinvbit, avx, avx2, aes, erms, clmul, bmi1, bmi2, adx, sha, fma, vzeroupper, clflush, clflushopt, rdtscp, rdpid, fsrm, f16c, pku, cet_ss
Processor Information for the first 12 processors :
  Max Mhz: 2000, Current Mhz: 2000, Mhz Limit: 2000

Memory: 4k page, system-wide physical 32065M (18003M free)
TotalPageFile size 34113M (AvailPageFile size 12803M)
current process WorkingSet (physical memory assigned to process): 83M, peak: 83M
current process commit charge ("private bytes"): 648M, peak: 648M

vm_info: OpenJDK 64-Bit Server VM (24+36-3646) for windows-amd64 JRE (24+36-3646), built on 2025-02-06T00:20:43Z with MS VC++ 17.6 (VS2022)

END.
